2025-10-28 19:52:24 [INFO] etl_service: Starting CVAlyze ETL Service
2025-10-28 19:52:24 [INFO] etl_service: ETL Service starting up...
2025-10-28 19:52:29 [ERROR] etl_service: API key check failed for AIzaSyAJ******** — 
2025-10-28 19:52:29 [WARNING] etl_service: API key AIzaSyAJ**** is invalid or rate-limited, checking next...
2025-10-28 19:52:33 [INFO] etl_service: API key validated successfully: AIzaSyBT********
2025-10-28 19:52:33 [INFO] etl_service: Using API key: AIzaSyBT*****
2025-10-28 19:52:48 [ERROR] etl_service: Error reading log file: 'utf-8' codec can't decode byte 0x94 in position 2: invalid start byte
2025-10-28 19:55:36 [INFO] etl_service: ETL Service shutting down...
2025-10-28 19:55:46 [INFO] etl_service: Starting CVAlyze ETL Service
2025-10-28 19:55:46 [INFO] etl_service: ETL Service starting up...
2025-10-28 19:55:51 [ERROR] etl_service: API key check failed for AIzaSyAJ******** — 
2025-10-28 19:55:51 [WARNING] etl_service: API key AIzaSyAJ**** is invalid or rate-limited, checking next...
2025-10-28 19:55:56 [ERROR] etl_service: API key check failed for AIzaSyBT******** — 
2025-10-28 19:55:56 [WARNING] etl_service: API key AIzaSyBT**** is invalid or rate-limited, checking next...
2025-10-28 19:55:56 [CRITICAL] etl_service: All API keys are invalid or rate-limited.
2025-10-28 19:56:04 [INFO] etl_service: Starting CVAlyze ETL Service
2025-10-28 19:56:04 [INFO] etl_service: ETL Service starting up...
2025-10-28 19:56:07 [INFO] etl_service: API key validated successfully: AIzaSyAJ********
2025-10-28 19:56:07 [INFO] etl_service: Using API key: AIzaSyAJ*****
2025-10-28 19:56:13 [INFO] etl_service: Log file accessed (limit=100, offset=0).
2025-10-28 19:56:32 [INFO] etl_service: ETL Service shutting down...
